
=== Thu Nov  7 16:42:51 2019

Packages were changed.
Update Mode: mergeDefaultDependencies

The following packages were updated:
  com.unity.analytics from version 3.2.2 to 3.3.2
  com.unity.collab-proxy from version 1.2.9 to 1.2.16
  com.unity.package-manager-ui from version 2.1.1 to 2.1.2
  com.unity.purchasing from version 2.0.1 to 2.0.6
  com.unity.textmeshpro from version 1.3.0 to 2.0.1
  com.unity.timeline from version 0.0.0-builtin to 1.0.0

=== Thu Mar 21 18:41:12 2024

Packages were changed.
Update Mode: mergeDefaultDependencies

The following packages were added:
  com.unity.collab-proxy@1.13.5
  com.unity.ide.rider@3.0.7
  com.unity.ide.visualstudio@2.0.11
  com.unity.ide.vscode@1.2.4
  com.unity.render-pipelines.high-definition@12.1.0
  com.unity.render-pipelines.universal@12.1.0
  com.unity.shadergraph@12.1.0
  com.unity.test-framework@1.1.29
  com.unity.ugui@1.0.0
  com.unity.visualscripting@1.7.2
  com.unity.modules.androidjni@1.0.0
The following packages were updated:
  com.unity.textmeshpro from version 2.0.1 to 3.0.6
  com.unity.timeline from version 1.0.0 to 1.6.2
